# Logfile created on 2014-07-04 23:17:45 -0500 by logger.rb/36483
I, [2014-07-04T23:17:45.852076 #40948]  INFO -- : 0:  coderay (1.0.8) from /Users/goran/.gem/ruby/2.0.0/specifications/coderay-1.0.8.gemspec
I, [2014-07-04T23:17:45.876372 #40948]  INFO -- : 0:  colorize (0.7.3) from /Users/goran/.gem/ruby/2.0.0/specifications/colorize-0.7.3.gemspec
I, [2014-07-04T23:17:46.169678 #40948]  INFO -- : 0:  matrix (0.0.1) from /Users/goran/.gem/ruby/2.0.0/specifications/matrix-0.0.1.gemspec
I, [2014-07-04T23:17:46.170206 #40948]  INFO -- : 0:  method_source (0.8.2) from /Users/goran/.gem/ruby/2.0.0/specifications/method_source-0.8.2.gemspec
I, [2014-07-04T23:17:46.170494 #40948]  INFO -- : 0:  slop (3.3.3) from /Users/goran/.gem/ruby/2.0.0/specifications/slop-3.3.3.gemspec
I, [2014-07-04T23:17:46.170749 #40948]  INFO -- : 0:  pry (0.9.10) from /Users/goran/.gem/ruby/2.0.0/specifications/pry-0.9.10.gemspec
I, [2014-07-04T23:17:46.617456 #40948]  INFO -- : 0:  virb (0.1.1) from /Users/goran/.gem/ruby/2.0.0/specifications/virb-0.1.1.gemspec
I, [2014-07-04T23:17:46.618091 #40948]  INFO -- : 0:  bundler (1.5.1) from /Users/goran/.gem/ruby/2.0.0/specifications/bundler-1.5.1.gemspec
I, [2014-08-12T00:23:31.323892 #6176]  INFO -- : 0:  coderay (1.0.8) from /Users/goran/.gem/ruby/2.0.0/specifications/coderay-1.0.8.gemspec
I, [2014-08-12T00:23:31.325703 #6176]  INFO -- : 0:  colorize (0.7.3) from /Users/goran/.gem/ruby/2.0.0/specifications/colorize-0.7.3.gemspec
I, [2014-08-12T00:23:31.325953 #6176]  INFO -- : 0:  diff-lcs (1.2.5) from /Users/goran/.gem/ruby/2.0.0/specifications/diff-lcs-1.2.5.gemspec
I, [2014-08-12T00:23:31.326179 #6176]  INFO -- : 0:  matrix (0.0.1) from /Users/goran/.gem/ruby/2.0.0/specifications/matrix-0.0.1.gemspec
I, [2014-08-12T00:23:31.326394 #6176]  INFO -- : 0:  method_source (0.8.2) from /Users/goran/.gem/ruby/2.0.0/specifications/method_source-0.8.2.gemspec
I, [2014-08-12T00:23:31.326634 #6176]  INFO -- : 0:  slop (3.3.3) from /Users/goran/.gem/ruby/2.0.0/specifications/slop-3.3.3.gemspec
I, [2014-08-12T00:23:31.326866 #6176]  INFO -- : 0:  pry (0.9.10) from /Users/goran/.gem/ruby/2.0.0/specifications/pry-0.9.10.gemspec
I, [2014-08-12T00:23:31.327121 #6176]  INFO -- : 0:  rspec-core (2.14.8) from /Users/goran/.gem/ruby/2.0.0/specifications/rspec-core-2.14.8.gemspec
I, [2014-08-12T00:23:31.327407 #6176]  INFO -- : 0:  rspec-expectations (2.14.5) from /Users/goran/.gem/ruby/2.0.0/specifications/rspec-expectations-2.14.5.gemspec
I, [2014-08-12T00:23:31.327671 #6176]  INFO -- : 0:  rspec-mocks (2.14.6) from /Users/goran/.gem/ruby/2.0.0/specifications/rspec-mocks-2.14.6.gemspec
I, [2014-08-12T00:23:31.327912 #6176]  INFO -- : 0:  rspec (2.14.1) from /Users/goran/.gem/ruby/2.0.0/specifications/rspec-2.14.1.gemspec
I, [2014-08-12T00:23:31.328160 #6176]  INFO -- : 0:  virb (0.1.1) from /Users/goran/.gem/ruby/2.0.0/specifications/virb-0.1.1.gemspec
I, [2014-08-12T00:23:31.328430 #6176]  INFO -- : 0:  bundler (1.5.1) from /Users/goran/.gem/ruby/2.0.0/specifications/bundler-1.5.1.gemspec
I, [2014-09-06T12:07:42.643424 #5920]  INFO -- : 0:  coderay (1.0.8) from /Users/goran/.gem/ruby/2.0.0/specifications/coderay-1.0.8.gemspec
I, [2014-09-06T12:07:42.644318 #5920]  INFO -- : 0:  colorize (0.7.3) from /Users/goran/.gem/ruby/2.0.0/specifications/colorize-0.7.3.gemspec
I, [2014-09-06T12:07:42.644628 #5920]  INFO -- : 0:  diff-lcs (1.2.5) from /Users/goran/.gem/ruby/2.0.0/specifications/diff-lcs-1.2.5.gemspec
I, [2014-09-06T12:07:42.644881 #5920]  INFO -- : 0:  matrix (0.0.1) from /Users/goran/.gem/ruby/2.0.0/specifications/matrix-0.0.1.gemspec
I, [2014-09-06T12:07:42.645120 #5920]  INFO -- : 0:  method_source (0.8.2) from /Users/goran/.gem/ruby/2.0.0/specifications/method_source-0.8.2.gemspec
I, [2014-09-06T12:07:42.645439 #5920]  INFO -- : 0:  slop (3.3.3) from /Users/goran/.gem/ruby/2.0.0/specifications/slop-3.3.3.gemspec
I, [2014-09-06T12:07:42.645740 #5920]  INFO -- : 0:  pry (0.9.10) from /Users/goran/.gem/ruby/2.0.0/specifications/pry-0.9.10.gemspec
I, [2014-09-06T12:07:42.645993 #5920]  INFO -- : 0:  rspec-core (2.14.8) from /Users/goran/.gem/ruby/2.0.0/specifications/rspec-core-2.14.8.gemspec
I, [2014-09-06T12:07:42.646249 #5920]  INFO -- : 0:  rspec-expectations (2.14.5) from /Users/goran/.gem/ruby/2.0.0/specifications/rspec-expectations-2.14.5.gemspec
I, [2014-09-06T12:07:42.646506 #5920]  INFO -- : 0:  rspec-mocks (2.14.6) from /Users/goran/.gem/ruby/2.0.0/specifications/rspec-mocks-2.14.6.gemspec
I, [2014-09-06T12:07:42.646773 #5920]  INFO -- : 0:  rspec (2.14.1) from /Users/goran/.gem/ruby/2.0.0/specifications/rspec-2.14.1.gemspec
I, [2014-09-06T12:07:42.647019 #5920]  INFO -- : 0:  virb (0.1.1) from /Users/goran/.gem/ruby/2.0.0/specifications/virb-0.1.1.gemspec
I, [2014-09-06T12:07:42.647244 #5920]  INFO -- : 0:  bundler (1.5.1) from /Users/goran/.gem/ruby/2.0.0/specifications/bundler-1.5.1.gemspec
I, [2014-09-06T13:47:08.066423 #7504]  INFO -- : 0:  coderay (1.0.8) from /Users/goran/.gem/ruby/2.0.0/specifications/coderay-1.0.8.gemspec
I, [2014-09-06T13:47:08.066727 #7504]  INFO -- : 0:  colorize (0.7.3) from /Users/goran/.gem/ruby/2.0.0/specifications/colorize-0.7.3.gemspec
I, [2014-09-06T13:47:08.066985 #7504]  INFO -- : 0:  diff-lcs (1.2.5) from /Users/goran/.gem/ruby/2.0.0/specifications/diff-lcs-1.2.5.gemspec
I, [2014-09-06T13:47:08.067230 #7504]  INFO -- : 0:  matrix (0.0.1) from /Users/goran/.gem/ruby/2.0.0/specifications/matrix-0.0.1.gemspec
I, [2014-09-06T13:47:08.067475 #7504]  INFO -- : 0:  method_source (0.8.2) from /Users/goran/.gem/ruby/2.0.0/specifications/method_source-0.8.2.gemspec
I, [2014-09-06T13:47:08.067742 #7504]  INFO -- : 0:  slop (3.3.3) from /Users/goran/.gem/ruby/2.0.0/specifications/slop-3.3.3.gemspec
I, [2014-09-06T13:47:08.068004 #7504]  INFO -- : 0:  pry (0.9.10) from /Users/goran/.gem/ruby/2.0.0/specifications/pry-0.9.10.gemspec
I, [2014-09-06T13:47:08.068247 #7504]  INFO -- : 0:  rspec-core (2.14.8) from /Users/goran/.gem/ruby/2.0.0/specifications/rspec-core-2.14.8.gemspec
I, [2014-09-06T13:47:08.068492 #7504]  INFO -- : 0:  rspec-expectations (2.14.5) from /Users/goran/.gem/ruby/2.0.0/specifications/rspec-expectations-2.14.5.gemspec
I, [2014-09-06T13:47:08.068732 #7504]  INFO -- : 0:  rspec-mocks (2.14.6) from /Users/goran/.gem/ruby/2.0.0/specifications/rspec-mocks-2.14.6.gemspec
I, [2014-09-06T13:47:08.068975 #7504]  INFO -- : 0:  rspec (2.14.1) from /Users/goran/.gem/ruby/2.0.0/specifications/rspec-2.14.1.gemspec
I, [2014-09-06T13:47:08.069213 #7504]  INFO -- : 0:  virb (0.1.1) from /Users/goran/.gem/ruby/2.0.0/specifications/virb-0.1.1.gemspec
I, [2014-09-06T13:47:08.069447 #7504]  INFO -- : 0:  bundler (1.5.1) from /Users/goran/.gem/ruby/2.0.0/specifications/bundler-1.5.1.gemspec
I, [2014-09-06T13:56:51.281305 #7767]  INFO -- : 0:  coderay (1.0.8) from /Users/goran/.gem/ruby/2.0.0/specifications/coderay-1.0.8.gemspec
I, [2014-09-06T13:56:51.281609 #7767]  INFO -- : 0:  colorize (0.7.3) from /Users/goran/.gem/ruby/2.0.0/specifications/colorize-0.7.3.gemspec
I, [2014-09-06T13:56:51.281855 #7767]  INFO -- : 0:  diff-lcs (1.2.5) from /Users/goran/.gem/ruby/2.0.0/specifications/diff-lcs-1.2.5.gemspec
I, [2014-09-06T13:56:51.282099 #7767]  INFO -- : 0:  matrix (0.0.1) from /Users/goran/.gem/ruby/2.0.0/specifications/matrix-0.0.1.gemspec
I, [2014-09-06T13:56:51.282356 #7767]  INFO -- : 0:  method_source (0.8.2) from /Users/goran/.gem/ruby/2.0.0/specifications/method_source-0.8.2.gemspec
I, [2014-09-06T13:56:51.282616 #7767]  INFO -- : 0:  slop (3.3.3) from /Users/goran/.gem/ruby/2.0.0/specifications/slop-3.3.3.gemspec
I, [2014-09-06T13:56:51.282875 #7767]  INFO -- : 0:  pry (0.9.10) from /Users/goran/.gem/ruby/2.0.0/specifications/pry-0.9.10.gemspec
I, [2014-09-06T13:56:51.283114 #7767]  INFO -- : 0:  rspec-core (2.14.8) from /Users/goran/.gem/ruby/2.0.0/specifications/rspec-core-2.14.8.gemspec
I, [2014-09-06T13:56:51.283356 #7767]  INFO -- : 0:  rspec-expectations (2.14.5) from /Users/goran/.gem/ruby/2.0.0/specifications/rspec-expectations-2.14.5.gemspec
I, [2014-09-06T13:56:51.283593 #7767]  INFO -- : 0:  rspec-mocks (2.14.6) from /Users/goran/.gem/ruby/2.0.0/specifications/rspec-mocks-2.14.6.gemspec
I, [2014-09-06T13:56:51.283862 #7767]  INFO -- : 0:  rspec (2.14.1) from /Users/goran/.gem/ruby/2.0.0/specifications/rspec-2.14.1.gemspec
I, [2014-09-06T13:56:51.284114 #7767]  INFO -- : 0:  virb (0.1.1) from /Users/goran/.gem/ruby/2.0.0/specifications/virb-0.1.1.gemspec
I, [2014-09-06T13:56:51.284358 #7767]  INFO -- : 0:  bundler (1.5.1) from /Users/goran/.gem/ruby/2.0.0/specifications/bundler-1.5.1.gemspec
I, [2014-09-06T19:08:09.764804 #8693]  INFO -- : 0:  coderay (1.0.8) from /Users/goran/.gem/ruby/2.0.0/specifications/coderay-1.0.8.gemspec
I, [2014-09-06T19:08:09.765102 #8693]  INFO -- : 0:  colorize (0.7.3) from /Users/goran/.gem/ruby/2.0.0/specifications/colorize-0.7.3.gemspec
I, [2014-09-06T19:08:09.765357 #8693]  INFO -- : 0:  diff-lcs (1.2.5) from /Users/goran/.gem/ruby/2.0.0/specifications/diff-lcs-1.2.5.gemspec
I, [2014-09-06T19:08:09.765597 #8693]  INFO -- : 0:  matrix (0.0.1) from /Users/goran/.gem/ruby/2.0.0/specifications/matrix-0.0.1.gemspec
I, [2014-09-06T19:08:09.765837 #8693]  INFO -- : 0:  method_source (0.8.2) from /Users/goran/.gem/ruby/2.0.0/specifications/method_source-0.8.2.gemspec
I, [2014-09-06T19:08:09.766102 #8693]  INFO -- : 0:  slop (3.3.3) from /Users/goran/.gem/ruby/2.0.0/specifications/slop-3.3.3.gemspec
I, [2014-09-06T19:08:09.766354 #8693]  INFO -- : 0:  pry (0.9.10) from /Users/goran/.gem/ruby/2.0.0/specifications/pry-0.9.10.gemspec
I, [2014-09-06T19:08:09.766592 #8693]  INFO -- : 0:  rspec-core (2.14.8) from /Users/goran/.gem/ruby/2.0.0/specifications/rspec-core-2.14.8.gemspec
I, [2014-09-06T19:08:09.766843 #8693]  INFO -- : 0:  rspec-expectations (2.14.5) from /Users/goran/.gem/ruby/2.0.0/specifications/rspec-expectations-2.14.5.gemspec
I, [2014-09-06T19:08:09.767079 #8693]  INFO -- : 0:  rspec-mocks (2.14.6) from /Users/goran/.gem/ruby/2.0.0/specifications/rspec-mocks-2.14.6.gemspec
I, [2014-09-06T19:08:09.767319 #8693]  INFO -- : 0:  rspec (2.14.1) from /Users/goran/.gem/ruby/2.0.0/specifications/rspec-2.14.1.gemspec
I, [2014-09-06T19:08:09.767553 #8693]  INFO -- : 0:  virb (0.1.1) from /Users/goran/.gem/ruby/2.0.0/specifications/virb-0.1.1.gemspec
I, [2014-09-06T19:08:09.767782 #8693]  INFO -- : 0:  bundler (1.5.1) from /Users/goran/.gem/ruby/2.0.0/specifications/bundler-1.5.1.gemspec
I, [2014-09-06T19:10:19.761519 #8747]  INFO -- : 0:  coderay (1.0.8) from /Users/goran/.gem/ruby/2.0.0/specifications/coderay-1.0.8.gemspec
I, [2014-09-06T19:10:19.761803 #8747]  INFO -- : 0:  colorize (0.7.3) from /Users/goran/.gem/ruby/2.0.0/specifications/colorize-0.7.3.gemspec
I, [2014-09-06T19:10:19.762055 #8747]  INFO -- : 0:  diff-lcs (1.2.5) from /Users/goran/.gem/ruby/2.0.0/specifications/diff-lcs-1.2.5.gemspec
I, [2014-09-06T19:10:19.762292 #8747]  INFO -- : 0:  matrix (0.0.1) from /Users/goran/.gem/ruby/2.0.0/specifications/matrix-0.0.1.gemspec
I, [2014-09-06T19:10:19.762531 #8747]  INFO -- : 0:  method_source (0.8.2) from /Users/goran/.gem/ruby/2.0.0/specifications/method_source-0.8.2.gemspec
I, [2014-09-06T19:10:19.762793 #8747]  INFO -- : 0:  slop (3.3.3) from /Users/goran/.gem/ruby/2.0.0/specifications/slop-3.3.3.gemspec
I, [2014-09-06T19:10:19.763047 #8747]  INFO -- : 0:  pry (0.9.10) from /Users/goran/.gem/ruby/2.0.0/specifications/pry-0.9.10.gemspec
I, [2014-09-06T19:10:19.763332 #8747]  INFO -- : 0:  rspec-core (2.14.8) from /Users/goran/.gem/ruby/2.0.0/specifications/rspec-core-2.14.8.gemspec
I, [2014-09-06T19:10:19.763577 #8747]  INFO -- : 0:  rspec-expectations (2.14.5) from /Users/goran/.gem/ruby/2.0.0/specifications/rspec-expectations-2.14.5.gemspec
I, [2014-09-06T19:10:19.763814 #8747]  INFO -- : 0:  rspec-mocks (2.14.6) from /Users/goran/.gem/ruby/2.0.0/specifications/rspec-mocks-2.14.6.gemspec
I, [2014-09-06T19:10:19.764094 #8747]  INFO -- : 0:  rspec (2.14.1) from /Users/goran/.gem/ruby/2.0.0/specifications/rspec-2.14.1.gemspec
I, [2014-09-06T19:10:19.764329 #8747]  INFO -- : 0:  virb (0.1.1) from /Users/goran/.gem/ruby/2.0.0/specifications/virb-0.1.1.gemspec
I, [2014-09-06T19:10:19.764556 #8747]  INFO -- : 0:  bundler (1.5.1) from /Users/goran/.gem/ruby/2.0.0/specifications/bundler-1.5.1.gemspec
I, [2014-09-06T19:14:08.954257 #8841]  INFO -- : 0:  coderay (1.0.8) from /Users/goran/.gem/ruby/2.0.0/specifications/coderay-1.0.8.gemspec
I, [2014-09-06T19:14:08.954566 #8841]  INFO -- : 0:  colorize (0.7.3) from /Users/goran/.gem/ruby/2.0.0/specifications/colorize-0.7.3.gemspec
I, [2014-09-06T19:14:08.954823 #8841]  INFO -- : 0:  diff-lcs (1.2.5) from /Users/goran/.gem/ruby/2.0.0/specifications/diff-lcs-1.2.5.gemspec
I, [2014-09-06T19:14:08.955071 #8841]  INFO -- : 0:  method_source (0.8.2) from /Users/goran/.gem/ruby/2.0.0/specifications/method_source-0.8.2.gemspec
I, [2014-09-06T19:14:08.955341 #8841]  INFO -- : 0:  slop (3.3.3) from /Users/goran/.gem/ruby/2.0.0/specifications/slop-3.3.3.gemspec
I, [2014-09-06T19:14:08.955597 #8841]  INFO -- : 0:  pry (0.9.10) from /Users/goran/.gem/ruby/2.0.0/specifications/pry-0.9.10.gemspec
I, [2014-09-06T19:14:08.955834 #8841]  INFO -- : 0:  rspec-core (2.14.8) from /Users/goran/.gem/ruby/2.0.0/specifications/rspec-core-2.14.8.gemspec
I, [2014-09-06T19:14:08.956092 #8841]  INFO -- : 0:  rspec-expectations (2.14.5) from /Users/goran/.gem/ruby/2.0.0/specifications/rspec-expectations-2.14.5.gemspec
I, [2014-09-06T19:14:08.956337 #8841]  INFO -- : 0:  rspec-mocks (2.14.6) from /Users/goran/.gem/ruby/2.0.0/specifications/rspec-mocks-2.14.6.gemspec
I, [2014-09-06T19:14:08.956578 #8841]  INFO -- : 0:  rspec (2.14.1) from /Users/goran/.gem/ruby/2.0.0/specifications/rspec-2.14.1.gemspec
I, [2014-09-06T19:14:08.956810 #8841]  INFO -- : 0:  virb (0.1.1) from /Users/goran/.gem/ruby/2.0.0/specifications/virb-0.1.1.gemspec
I, [2014-09-06T19:14:08.957037 #8841]  INFO -- : 0:  bundler (1.5.1) from /Users/goran/.gem/ruby/2.0.0/specifications/bundler-1.5.1.gemspec
I, [2014-09-06T19:15:29.155949 #8930]  INFO -- : 0:  coderay (1.0.8) from /Users/goran/.gem/ruby/2.0.0/specifications/coderay-1.0.8.gemspec
I, [2014-09-06T19:15:29.156254 #8930]  INFO -- : 0:  colorize (0.7.3) from /Users/goran/.gem/ruby/2.0.0/specifications/colorize-0.7.3.gemspec
I, [2014-09-06T19:15:29.156507 #8930]  INFO -- : 0:  diff-lcs (1.2.5) from /Users/goran/.gem/ruby/2.0.0/specifications/diff-lcs-1.2.5.gemspec
I, [2014-09-06T19:15:29.156750 #8930]  INFO -- : 0:  method_source (0.8.2) from /Users/goran/.gem/ruby/2.0.0/specifications/method_source-0.8.2.gemspec
I, [2014-09-06T19:15:29.157039 #8930]  INFO -- : 0:  slop (3.3.3) from /Users/goran/.gem/ruby/2.0.0/specifications/slop-3.3.3.gemspec
I, [2014-09-06T19:15:29.157301 #8930]  INFO -- : 0:  pry (0.9.10) from /Users/goran/.gem/ruby/2.0.0/specifications/pry-0.9.10.gemspec
I, [2014-09-06T19:15:29.157540 #8930]  INFO -- : 0:  rspec-core (2.14.8) from /Users/goran/.gem/ruby/2.0.0/specifications/rspec-core-2.14.8.gemspec
I, [2014-09-06T19:15:29.157775 #8930]  INFO -- : 0:  rspec-expectations (2.14.5) from /Users/goran/.gem/ruby/2.0.0/specifications/rspec-expectations-2.14.5.gemspec
I, [2014-09-06T19:15:29.158011 #8930]  INFO -- : 0:  rspec-mocks (2.14.6) from /Users/goran/.gem/ruby/2.0.0/specifications/rspec-mocks-2.14.6.gemspec
I, [2014-09-06T19:15:29.158243 #8930]  INFO -- : 0:  rspec (2.14.1) from /Users/goran/.gem/ruby/2.0.0/specifications/rspec-2.14.1.gemspec
I, [2014-09-06T19:15:29.158470 #8930]  INFO -- : 0:  virb (0.1.1) from /Users/goran/.gem/ruby/2.0.0/specifications/virb-0.1.1.gemspec
I, [2014-09-06T19:15:29.158692 #8930]  INFO -- : 0:  bundler (1.5.1) from /Users/goran/.gem/ruby/2.0.0/specifications/bundler-1.5.1.gemspec
